
> odn-smart-publisher@1.0.0 start
> node app.js

Trying to publish: 
{"@context":"https://schema.org/","@type":["coingecko","crypto","coins","data"],"name":"btc","image":"https://assets.coingecko.com/coins/images/1/large/bitcoin.png?1547033579","description":"price of: btc (bitcoin)  at 2022-01-12T09:13:25.466Z","mpn":"925872","brand":{"@type":"Origintrail Community","name":"ACME"},"MarketCap":{"@type":"Number","value":809522807293},"Rank":{"@type":"Number","value":1},"Price":{"@type":"Number","value":42771},"attributes":{"@type":"details","ath_change_percentage":-38.05272}}
Get publish failed. Reason: undefined.
Trying to publish: 
{"@context":"https://schema.org/","@type":["coingecko","crypto","coins","data"],"name":"eth","image":"https://assets.coingecko.com/coins/images/279/large/ethereum.png?1595348880","description":"price of: eth (ethereum)  at 2022-01-12T09:16:00.033Z","mpn":"925872","brand":{"@type":"Origintrail Community","name":"ACME"},"MarketCap":{"@type":"Number","value":387153076660},"Rank":{"@type":"Number","value":2},"Price":{"@type":"Number","value":3249.91},"attributes":{"@type":"details","ath_change_percentage":-33.37966}}
Get publish failed. Reason: undefined.
Trying to publish: 
{"@context":"https://schema.org/","@type":["coingecko","crypto","coins","data"],"name":"AVAX","image":"https://assets.coingecko.com/coins/images/12559/large/coin-round-red.png?1604021818","description":"price of: AVAX (avalanche-2)  at 2022-01-12T09:18:27.208Z","mpn":"925872","brand":{"@type":"Origintrail Community","name":"ACME"},"MarketCap":{"@type":"Number","value":22422432222},"Rank":{"@type":"Number","value":11},"Price":{"@type":"Number","value":91.77},"attributes":{"@type":"details","ath_change_percentage":-37.08829}}
Get publish failed. Reason: undefined.
Trying to publish: 
{"@context":"https://schema.org/","@type":["coingecko","crypto","coins","data"],"name":"doge","image":"https://assets.coingecko.com/coins/images/5/large/dogecoin.png?1547792256","description":"price of: doge (dogecoin)  at 2022-01-12T09:21:42.009Z","mpn":"925872","brand":{"@type":"Origintrail Community","name":"ACME"},"MarketCap":{"@type":"Number","value":20418585063},"Rank":{"@type":"Number","value":12},"Price":{"@type":"Number","value":0.1541},"attributes":{"@type":"details","ath_change_percentage":-78.96271}}
Successfully published : 
{"status":"COMPLETED","data":{"id":"52a8bac586edd9233a0c66c01e02dcf24c3df2bccd7b9df2d849b9baadac69ac","rootHash":"04c07338c3280d48c3c9ec13bedd4be4f06ab83bcae2d31735d7e0e891e0c93f","signature":"0x20cc87b51e8e75036a05e3824e6f009c7eb3bcba7fec68ebee13cadae3419dd5252806ba17c5037adcdd3f0652b58e3d47728422020b26c21195bf9ba9b93f6e1b","metadata":{"type":["coingecko","crypto","coins","data"],"timestamp":"2022-01-12T09:22:36.604Z","issuer":"0xaba45e475e667cd838c0c0fef7e46702d14d827a","visibility":true,"dataHash":"e8d37fa1b7106af4fb551a11ff1b81543078d9ceaf41f7c465a85ebbfb64f7a8"},"blockchain":{"name":"polygon::testnet","transactionHash":"0xdf54358560dcacbdc5a75d7116d917f89f13d96821f8d432a0262c5bb952102f"}}}
Trying to publish: 
{"@context":"https://schema.org/","@type":["coingecko","crypto","coins","data"],"name":"matic","image":"https://assets.coingecko.com/coins/images/4713/large/matic-token-icon.png?1624446912","description":"price of: matic (matic-network)  at 2022-01-12T09:21:23.747Z","mpn":"925872","brand":{"@type":"Origintrail Community","name":"ACME"},"MarketCap":{"@type":"Number","value":16064183482},"Rank":{"@type":"Number","value":13},"Price":{"@type":"Number","value":2.34},"attributes":{"@type":"details","ath_change_percentage":-19.71205}}
./publish.sh: line 3:  3320 Hangup                  npm run start

> odn-smart-publisher@1.0.0 start
> node app.js

Trying to publish: 
{"@context":"https://schema.org/","@type":["coingecko","crypto","coins","data"],"name":"btc","image":"https://assets.coingecko.com/coins/images/1/large/bitcoin.png?1547033579","description":"price of: btc (bitcoin)  at 2022-01-12T09:13:25.466Z","mpn":"925872","brand":{"@type":"Origintrail Community","name":"ACME"},"MarketCap":{"@type":"Number","value":809522807293},"Rank":{"@type":"Number","value":1},"Price":{"@type":"Number","value":42771},"attributes":{"@type":"details","ath_change_percentage":-38.05272}}
Get publish failed. Reason: undefined.
Trying to publish: 
{"@context":"https://schema.org/","@type":["coingecko","crypto","coins","data"],"name":"eth","image":"https://assets.coingecko.com/coins/images/279/large/ethereum.png?1595348880","description":"price of: eth (ethereum)  at 2022-01-12T09:16:00.033Z","mpn":"925872","brand":{"@type":"Origintrail Community","name":"ACME"},"MarketCap":{"@type":"Number","value":387153076660},"Rank":{"@type":"Number","value":2},"Price":{"@type":"Number","value":3249.91},"attributes":{"@type":"details","ath_change_percentage":-33.37966}}
Successfully published : 
{"status":"COMPLETED","data":{"id":"228254f1792873593b5d64854084506ba57cfaabbda091a0a25bda402966bd4a","rootHash":"d76bfbc3dd12d50e745925033ab83793041cec962c297d587198491fbfb0b1a3","signature":"0xa31a53b83f6b592537c0be3afc8ff8096af9d08f7e38115fd33552e18401b3e22d1c560cf6532a173b2878a2276f47add9bd047848b770850e2e981bb13be8bf1b","metadata":{"type":["coingecko","crypto","coins","data"],"timestamp":"2022-01-12T09:22:44.104Z","issuer":"0xaba45e475e667cd838c0c0fef7e46702d14d827a","visibility":true,"dataHash":"19eb6469c3a701d2c2f4949041e81880b3843ef5da322130eabc292e24ba2dbb"},"blockchain":{"name":"polygon::testnet","transactionHash":"0x01aa839947eb52d722024feedcaf3ed646e45bd123e32c0de3bc26c76ac1db96"}}}
Trying to publish: 
{"@context":"https://schema.org/","@type":["coingecko","crypto","coins","data"],"name":"AVAX","image":"https://assets.coingecko.com/coins/images/12559/large/coin-round-red.png?1604021818","description":"price of: AVAX (avalanche-2)  at 2022-01-12T09:18:27.208Z","mpn":"925872","brand":{"@type":"Origintrail Community","name":"ACME"},"MarketCap":{"@type":"Number","value":22422432222},"Rank":{"@type":"Number","value":11},"Price":{"@type":"Number","value":91.77},"attributes":{"@type":"details","ath_change_percentage":-37.08829}}
Successfully published : 
{"status":"COMPLETED","data":{"id":"933bc730510d875f6b87d1f6a6ac54829ee788a4ba66891ff22922e5c2c0a4e4","rootHash":"1f40bccb40374d3c11e4e4f62f4935a8ab0f6376706fbe2271581ebf8cb8008b","signature":"0x7c0579ca2dfd62e1c77178f37cb60a7b3427d227f0d020c1c745f503e86f993a6e81778f85bd4795cb7768fc4529640f662be8b431fb8e320b6311a0590a43b71b","metadata":{"type":["coingecko","crypto","coins","data"],"timestamp":"2022-01-12T09:22:51.167Z","issuer":"0xaba45e475e667cd838c0c0fef7e46702d14d827a","visibility":true,"dataHash":"c298a14a78bb4f7754cf7ce360d172b92bffe1461cea97e9c6a336b21aee595f"},"blockchain":{"name":"polygon::testnet","transactionHash":"0x73e8500fe2a8a754a317446a5f58aeffd897cf180fe1e6d976094ef5d0377de8"}}}
Trying to publish: 
{"@context":"https://schema.org/","@type":["coingecko","crypto","coins","data"],"name":"doge","image":"https://assets.coingecko.com/coins/images/5/large/dogecoin.png?1547792256","description":"price of: doge (dogecoin)  at 2022-01-12T09:21:42.009Z","mpn":"925872","brand":{"@type":"Origintrail Community","name":"ACME"},"MarketCap":{"@type":"Number","value":20418585063},"Rank":{"@type":"Number","value":12},"Price":{"@type":"Number","value":0.1541},"attributes":{"@type":"details","ath_change_percentage":-78.96271}}
Successfully published : 
{"status":"COMPLETED","data":{"id":"0b9bbd3e962baeb44786b88ef5f8800d0b25424a026cd53b5e1fe57ef8e0c316","rootHash":"2ce4b4edab8257132c93be96456b1c02058dc191137b4a98dd239050b3a3a5bd","signature":"0x29193c6704eac8a17de5da62f4a0779cf276b303b48e23451a1eff00293125c43fde470f3b1dbd099b7f6fc46f011b26a62b3d939dac007bb8c9c31a1f92c4fa1c","metadata":{"type":["coingecko","crypto","coins","data"],"timestamp":"2022-01-12T09:22:59.228Z","issuer":"0xaba45e475e667cd838c0c0fef7e46702d14d827a","visibility":true,"dataHash":"e8d37fa1b7106af4fb551a11ff1b81543078d9ceaf41f7c465a85ebbfb64f7a8"},"blockchain":{"name":"polygon::testnet","transactionHash":"0x5309081ccfeb4b0631c519fb8e135d4fdae66532b4ddf625839670d7efbaf057"}}}
Trying to publish: 
{"@context":"https://schema.org/","@type":["coingecko","crypto","coins","data"],"name":"matic","image":"https://assets.coingecko.com/coins/images/4713/large/matic-token-icon.png?1624446912","description":"price of: matic (matic-network)  at 2022-01-12T09:21:23.747Z","mpn":"925872","brand":{"@type":"Origintrail Community","name":"ACME"},"MarketCap":{"@type":"Number","value":16064183482},"Rank":{"@type":"Number","value":13},"Price":{"@type":"Number","value":2.34},"attributes":{"@type":"details","ath_change_percentage":-19.71205}}
Successfully published : 
{"status":"COMPLETED","data":{"id":"757e2fb149519fdddb42a08143a517b4ed08f2b1245f0fb11649ecfb147b907f","rootHash":"890df5a45185f5656336cc2a9c82fa69143d513dec8513581a0152c5e6f658a2","signature":"0xecd08d9699bac2b7fc2b16206f20d7fcb0993f9d5c959d4c0b4906acf4e0a81e7856a2044ed19754d549187e2562792d91a46cfeac728e61453f01b3b38096711c","metadata":{"type":["coingecko","crypto","coins","data"],"timestamp":"2022-01-12T09:23:05.280Z","issuer":"0xaba45e475e667cd838c0c0fef7e46702d14d827a","visibility":true,"dataHash":"800aeaa55e2019906090383e69a65a405ad8519e39e87721d48a4dd4a96b81b8"},"blockchain":{"name":"polygon::testnet","transactionHash":"0xf6747088f95fd257adb7bb38fbdfa9920b257c2e50f2a089d3c583430e60f39e"}}}
Trying to publish: 
{"@context":"https://schema.org/","@type":["coingecko","crypto","coins","data"],"name":"shib","image":"https://assets.coingecko.com/coins/images/11939/large/shiba.png?1622619446","description":"price of: shib (shiba-inu)  at 2022-01-12T09:21:08.141Z","mpn":"925872","brand":{"@type":"Origintrail Community","name":"ACME"},"MarketCap":{"@type":"Number","value":15688930712},"Rank":{"@type":"Number","value":14},"Price":{"@type":"Number","value":0.00002862},"attributes":{"@type":"details","ath_change_percentage":-66.88751}}
Successfully published : 
{"status":"COMPLETED","data":{"id":"4661edca683b0b5f754ae6503a15f3871e0acf186a45052d5244c9c80731967f","rootHash":"60fad4851ca208800df3126bc639e31d59dfa142f4e26e9b7a347e3f9609ebc5","signature":"0xde2ae3b37f3b53336aa02238ca3c46c0d816c6d40516587d83fc53d200e0a278337725992bf0842eda2b6117c8aef20463342b38802e372804041bf6534386701b","metadata":{"type":["coingecko","crypto","coins","data"],"timestamp":"2022-01-12T09:23:09.323Z","issuer":"0xaba45e475e667cd838c0c0fef7e46702d14d827a","visibility":true,"dataHash":"a62dce2c347be6ce9a4e0336a35ae7aa73aa966732f619a468f85a697d93d595"},"blockchain":{"name":"polygon::testnet","transactionHash":"0x8bfd7558a59daa016fb66db1cc13a7366f535d4f39f10cb579196b7e7af1aeff"}}}
Trying to publish: 
{"@context":"https://schema.org/","@type":["coingecko","crypto","coins","data"],"name":"busd","image":"https://assets.coingecko.com/coins/images/9576/large/BUSD.png?1568947766","description":"price of: busd (binance-usd)  at 2022-01-12T09:16:51.696Z","mpn":"925872","brand":{"@type":"Origintrail Community","name":"ACME"},"MarketCap":{"@type":"Number","value":14073490658},"Rank":{"@type":"Number","value":15},"Price":{"@type":"Number","value":1},"attributes":{"@type":"details","ath_change_percentage":-13.15877}}
Successfully published : 
{"status":"COMPLETED","data":{"id":"ea3b1f3ea9759413105bedcecddf2baf538def476bdb3d3888082978f2c7bd20","rootHash":"7e21c4a685e620a977d5b9efded86885807ce840cd8bfb7704fb0539a6d491a2","signature":"0x8b65ae9271603771f3101a7bb2c12e7edc969916f8f7ac6c51ce8c72e1d3f123457f53170d16988980aa7a5a8c346cac905d13b23a49ab61f295c89d9f4fb35f1c","metadata":{"type":["coingecko","crypto","coins","data"],"timestamp":"2022-01-12T09:23:12.353Z","issuer":"0xaba45e475e667cd838c0c0fef7e46702d14d827a","visibility":true,"dataHash":"72271ce16ba4dc32fdc21857993e9645a663f7d588c8e5b4ac6f562c40283ed7"},"blockchain":{"name":"polygon::testnet","transactionHash":"0xe88fafffb733920c579c54a520b3e1ffd8105aec9281f506c9e6c9389c371d40"}}}
Trying to publish: 
{"@context":"https://schema.org/","@type":["coingecko","crypto","coins","data"],"name":"link","image":"https://assets.coingecko.com/coins/images/877/large/chainlink-new-logo.png?1547034700","description":"price of: link (chainlink)  at 2022-01-12T09:18:09.117Z","mpn":"925872","brand":{"@type":"Origintrail Community","name":"ACME"},"MarketCap":{"@type":"Number","value":12228186217},"Rank":{"@type":"Number","value":16},"Price":{"@type":"Number","value":26.18},"attributes":{"@type":"details","ath_change_percentage":-50.31155}}
Successfully published : 
{"status":"COMPLETED","data":{"id":"37fcdc1b559a7f20a5a75361c4523f3ea7dee466b7d497bc6ea9f822613cb918","rootHash":"c3ecfe03f8f7b0c118177be768e2613b7ca3bde5836223c54800666c42637956","signature":"0x4d8c6bc2cbc4271fb4634d5f160858c1400e58219e25a91442263a9c87bb33756e112b5ea178c9b76dea507487723ccd8ae036ae818d0d4f2a12f288f1eae08c1c","metadata":{"type":["coingecko","crypto","coins","data"],"timestamp":"2022-01-12T09:23:17.403Z","issuer":"0xaba45e475e667cd838c0c0fef7e46702d14d827a","visibility":true,"dataHash":"0399c4381619c04968a1659b855afa8a3e8b9bded1b2c61a332bd5f90b8826e0"},"blockchain":{"name":"polygon::testnet","transactionHash":"0xdefa153a3bfd0486bab21ba1f169659f8210eed43c1dcf2bccc847ea259a0b97"}}}
Trying to publish: 
{"@context":"https://schema.org/","@type":["coingecko","crypto","coins","data"],"name":"cro","image":"https://assets.coingecko.com/coins/images/7310/large/cypto.png?1547043960","description":"price of: cro (crypto-com-chain)  at 2022-01-12T09:17:38.300Z","mpn":"925872","brand":{"@type":"Origintrail Community","name":"ACME"},"MarketCap":{"@type":"Number","value":11921335688},"Rank":{"@type":"Number","value":17},"Price":{"@type":"Number","value":0.471889},"attributes":{"@type":"details","ath_change_percentage":-51.26972}}
Successfully published : 
{"status":"COMPLETED","data":{"id":"b4d3cef103b6330eb6d88d5f6cf0012c376aad34cd201d24234f9b36a3de9068","rootHash":"0ac46cae3c98b1bd2f5e0ceffe5bf9d70ccd092e575f2ebeaa6fe296fae0a79c","signature":"0xfa44f2df8f0ea57b148e2f890b2879b0d9029653b96ed5883fa451968f8b61c7783ea624185d52e6963271e21d000c7608299fc0dccf635b0d74b9e3e14eb8201c","metadata":{"type":["coingecko","crypto","coins","data"],"timestamp":"2022-01-12T09:23:21.445Z","issuer":"0xaba45e475e667cd838c0c0fef7e46702d14d827a","visibility":true,"dataHash":"62f716151c73fbafe37f1f1ebe812ebc793b8af556d49475c9f0b3d98f2590c3"},"blockchain":{"name":"polygon::testnet","transactionHash":"0xc1de0412c74ba45e30d4c7e28d972bff79d231ad0cd3be9bfbde55b680eb737d"}}}
Trying to publish: 
{"@context":"https://schema.org/","@type":["coingecko","crypto","coins","data"],"name":"atom","image":"https://assets.coingecko.com/coins/images/1481/large/cosmos_hub.png?1555657960","description":"price of: atom (cosmos)  at 2022-01-12T09:20:53.729Z","mpn":"925872","brand":{"@type":"Origintrail Community","name":"ACME"},"MarketCap":{"@type":"Number","value":11711560697},"Rank":{"@type":"Number","value":18},"Price":{"@type":"Number","value":40.9},"attributes":{"@type":"details","ath_change_percentage":-7.77633}}
Successfully published : 
{"status":"COMPLETED","data":{"id":"2468f83b1c76440ee9de03472c093a428d478edcbb80aa1b5f0e503bc5a94977","rootHash":"0ae544dfa2813dd4e053360a7e595f335fc91f6f4af547445af6777b3b1d6812","signature":"0x05db297be3dbcd25df726fd8d3c232514e183a16dd3582cb5645da278eb7882522578b8cd8ad46c53f8cd7deb1b59ceb859339fc93748db0664b3374fb881bec1c","metadata":{"type":["coingecko","crypto","coins","data"],"timestamp":"2022-01-12T09:23:25.486Z","issuer":"0xaba45e475e667cd838c0c0fef7e46702d14d827a","visibility":true,"dataHash":"8579a8e9cd1ab0c2396ad9304b2fa757057de2618c2de9a4976f1be2894c677b"},"blockchain":{"name":"polygon::testnet","transactionHash":"0x936da0345427dde70d5b7f42e96f9c089e1380e9515832044d93639bd0c3e041"}}}
Trying to publish: 
{"@context":"https://schema.org/","@type":["coingecko","crypto","coins","data"],"name":"wbtc","image":"https://assets.coingecko.com/coins/images/7598/large/wrapped_bitcoin_wbtc.png?1548822744","description":"price of: wbtc (wrapped-bitcoin)  at 2022-01-12T09:16:28.494Z","mpn":"925872","brand":{"@type":"Origintrail Community","name":"ACME"},"MarketCap":{"@type":"Number","value":11408295662},"Rank":{"@type":"Number","value":19},"Price":{"@type":"Number","value":42763},"attributes":{"@type":"details","ath_change_percentage":-39.53474}}
